08:05:19 **** Build of configuration Debug for project 7seg1 ****
make all 
Building target: 7seg1.elf
Invoking: AVR C Linker
avr-gcc -Wl,-Map,7seg1.map -mmcu=atmega32 -o "7seg1.elf"  ./main.o   
Finished building target: 7seg1.elf
 
Invoking: AVR Create Extended Listing
avr-objdump -h -S 7seg1.elf  >"7seg1.lss"
Finished building: 7seg1.lss
 
Create Flash image (ihex format)
avr-objcopy -R .eeprom -R .fuse -R .lock -R .signature -O ihex 7seg1.elf  "7seg1.hex"
Finished building: 7seg1.hex
 
Invoking: Print Size
avr-size --format=avr --mcu=atmega32 7seg1.elf
AVR Memory Usage
----------------
Device: atmega32

Program:    3426 bytes (10.5% Full)
(.text + .data + .bootloader)

Data:         18 bytes (0.9% Full)
(.data + .bss + .noinit)


Finished building: sizedummy
 
Invoking: AVRDude
E:\embedded\Learn AVR\avrlecimt\IMT_SDK_Win_64\IMT_SDK_Win_64\WinAVR\bin\avrdude -pm32 -cusbasp -Uflash:w:7seg1.hex:a

avrdude: warning: cannot set sck period. please check for usbasp firmware update.
avrdude: AVR device initialized and ready to accept instructions

Reading | ################################################## | 100% 0.01s

avrdude: Device signature = 0x1e9502
avrdude: NOTE: FLASH memory has been specified, an erase cycle will be performed
         To disable this feature, specify the -D option.
avrdude: erasing chip
avrdude: warning: cannot set sck period. please check for usbasp firmware update.
avrdude: reading input file "7seg1.hex"
avrdude: input file 7seg1.hex auto detected as Intel Hex
avrdude: writing flash (3426 bytes):

Writing | ################################################## | 100% 4.54s

avrdude: 3426 bytes of flash written
avrdude: verifying flash memory against 7seg1.hex:
avrdude: load data flash data from input file 7seg1.hex:
avrdude: input file 7seg1.hex auto detected as Intel Hex
avrdude: input file 7seg1.hex contains 3426 bytes
avrdude: reading on-chip flash data:

Reading | ################################################## | 100% 1.97s

avrdude: verifying ...
avrdude: 3426 bytes of flash verified

avrdude done.  Thank you.

Finished building: avrdudedummy
 

08:05:31 Build Finished (took 12s.871ms)

