11:38:09 **** Incremental Build of configuration Debug for project 7seg_2 ****
make all 
Building file: ../main.c
Invoking: AVR Compiler
avr-gcc -Wall -g2 -gstabs -O0 -fpack-struct -fshort-enums -ffunction-sections -fdata-sections -std=gnu99 -funsigned-char -funsigned-bitfields -mmcu=atmega32 -DF_CPU=8000000UL -MMD -MP -MF"main.d" -MT"main.o" -c -o "main.o" "../main.c"
In file included from ../main.c:11:
e:/embedded/learn avr/avrlecimt/imt_sdk_win_64/imt_sdk_win_64/winavr/lib/gcc/../../avr/include/util/delay.h:90:3: warning: #warning "Compiler optimizations disabled; functions from <util/delay.h> won't work as designed"
../main.c: In function 'main':
../main.c:18: warning: value computed is not used
Finished building: ../main.c
 
Building target: 7seg_2.elf
Invoking: AVR C Linker
avr-gcc -Wl,-Map,7seg_2.map -mmcu=atmega32 -o "7seg_2.elf"  ./main.o ./seven_seg.o   
Finished building target: 7seg_2.elf
 
Invoking: AVR Create Extended Listing
avr-objdump -h -S 7seg_2.elf  >"7seg_2.lss"
Finished building: 7seg_2.lss
 
Create Flash image (ihex format)
avr-objcopy -R .eeprom -R .fuse -R .lock -R .signature -O ihex 7seg_2.elf  "7seg_2.hex"
Finished building: 7seg_2.hex
 
Invoking: Print Size
avr-size --format=avr --mcu=atmega32 7seg_2.elf
AVR Memory Usage
----------------
Device: atmega32

Program:    3768 bytes (11.5% Full)
(.text + .data + .bootloader)

Data:         24 bytes (1.2% Full)
(.data + .bss + .noinit)


Finished building: sizedummy
 

11:38:11 Build Finished (took 1s.946ms)

