01:18:01 **** Incremental Build of configuration Debug for project buzzer_timer0 ****
make all 
Building file: ../main.c
Invoking: AVR Compiler
avr-gcc -Wall -g2 -gstabs -O0 -fpack-struct -fshort-enums -ffunction-sections -fdata-sections -std=gnu99 -funsigned-char -funsigned-bitfields -mmcu=atmega32 -DF_CPU=8000000UL -MMD -MP -MF"main.d" -MT"main.o" -c -o "main.o" "../main.c"
In file included from ../main.c:11:
../ADC_Regster.h:24:1: warning: "ADC_Left_Adjust" redefined
../ADC_Regster.h:21:1: warning: this is the location of the previous definition
../ADC_Regster.h:25:1: warning: "ADC_Right_Adjust" redefined
../ADC_Regster.h:22:1: warning: this is the location of the previous definition
In file included from ../main.c:16:
e:/embedded/learn avr/avrlecimt/imt_sdk_win_64/imt_sdk_win_64/winavr/lib/gcc/../../avr/include/avr/delay.h:36:2: warning: #warning "This file has been moved to <util/delay.h>."
In file included from e:/embedded/learn avr/avrlecimt/imt_sdk_win_64/imt_sdk_win_64/winavr/lib/gcc/../../avr/include/avr/delay.h:37,
                 from ../main.c:16:
e:/embedded/learn avr/avrlecimt/imt_sdk_win_64/imt_sdk_win_64/winavr/lib/gcc/../../avr/include/util/delay.h:90:3: warning: #warning "Compiler optimizations disabled; functions from <util/delay.h> won't work as designed"
../main.c:21: warning: return type of 'main' is not 'int'
../main.c: In function 'main':
../main.c:25: warning: pointer targets in passing argument 1 of 'LCD_Write4String' differ in signedness
../main.c: In function 'func1':
../main.c:136: warning: pointer targets in passing argument 1 of 'LCD_Write4String' differ in signedness
../main.c:146: warning: pointer targets in passing argument 1 of 'LCD_Write4String' differ in signedness
../main.c:157: warning: pointer targets in passing argument 1 of 'LCD_Write4String' differ in signedness
../main.c:167: warning: pointer targets in passing argument 1 of 'LCD_Write4String' differ in signedness
../main.c:174: warning: pointer targets in passing argument 1 of 'LCD_Write4String' differ in signedness
Finished building: ../main.c
 
Building target: buzzer_timer0.elf
Invoking: AVR C Linker
avr-gcc -Wl,-Map,buzzer_timer0.map -mmcu=atmega32 -o "buzzer_timer0.elf"  ./ADC_Program.o ./DIO_Program.o ./EXI_Program.o ./GIE_Program.o ./LCD_4BIT_Program.o ./TIMER_Program.o ./main.o   
Finished building target: buzzer_timer0.elf
 
Invoking: AVR Create Extended Listing
avr-objdump -h -S buzzer_timer0.elf  >"buzzer_timer0.lss"
Finished building: buzzer_timer0.lss
 
Create Flash image (ihex format)
avr-objcopy -R .eeprom -R .fuse -R .lock -R .signature -O ihex buzzer_timer0.elf  "buzzer_timer0.hex"
Finished building: buzzer_timer0.hex
 
Invoking: Print Size
avr-size --format=avr --mcu=atmega32 buzzer_timer0.elf
AVR Memory Usage
----------------
Device: atmega32

Program:   14556 bytes (44.4% Full)
(.text + .data + .bootloader)

Data:         34 bytes (1.7% Full)
(.data + .bss + .noinit)


Finished building: sizedummy
 

01:18:02 Build Finished (took 1s.389ms)

