12:31:28 **** Incremental Build of configuration Debug for project DIOI ****
make all 
Building file: ../main.c
Invoking: AVR Compiler
avr-gcc -Wall -g2 -gstabs -O0 -fpack-struct -fshort-enums -ffunction-sections -fdata-sections -std=gnu99 -funsigned-char -funsigned-bitfields -mmcu=atmega32 -DF_CPU=8000000UL -MMD -MP -MF"main.d" -MT"main.o" -c -o "main.o" "../main.c"
In file included from ../main.c:10:
e:/embedded/learn avr/avrlecimt/imt_sdk_win_64/imt_sdk_win_64/winavr/lib/gcc/../../avr/include/avr/delay.h:36:2: warning: #warning "This file has been moved to <util/delay.h>."
In file included from e:/embedded/learn avr/avrlecimt/imt_sdk_win_64/imt_sdk_win_64/winavr/lib/gcc/../../avr/include/avr/delay.h:37,
                 from ../main.c:10:
e:/embedded/learn avr/avrlecimt/imt_sdk_win_64/imt_sdk_win_64/winavr/lib/gcc/../../avr/include/util/delay.h:90:3: warning: #warning "Compiler optimizations disabled; functions from <util/delay.h> won't work as designed"
../main.c:11: warning: return type of 'main' is not 'int'
Finished building: ../main.c
 
Building target: DIOI.elf
Invoking: AVR C Linker
avr-gcc -Wl,-Map,DIOI.map -mmcu=atmega32 -o "DIOI.elf"  ./DIO_Program.o ./main.o   
Finished building target: DIOI.elf
 
Invoking: AVR Create Extended Listing
avr-objdump -h -S DIOI.elf  >"DIOI.lss"
Finished building: DIOI.lss
 
Create Flash image (ihex format)
avr-objcopy -R .eeprom -R .fuse -R .lock -R .signature -O ihex DIOI.elf  "DIOI.hex"
Finished building: DIOI.hex
 
Invoking: Print Size
avr-size --format=avr --mcu=atmega32 DIOI.elf
AVR Memory Usage
----------------
Device: atmega32

Program:    1702 bytes (5.2% Full)
(.text + .data + .bootloader)

Data:          0 bytes (0.0% Full)
(.data + .bss + .noinit)


Finished building: sizedummy
 

12:31:30 Build Finished (took 2s.130ms)

