22:37:27 **** Incremental Build of configuration Debug for project LCD_Project1 ****
make all 
Building file: ../KEY_PAD_Program.c
Invoking: AVR Compiler
avr-gcc -Wall -g2 -gstabs -O0 -fpack-struct -fshort-enums -ffunction-sections -fdata-sections -std=gnu99 -funsigned-char -funsigned-bitfields -mmcu=atmega32 -DF_CPU=8000000UL -MMD -MP -MF"KEY_PAD_Program.d" -MT"KEY_PAD_Program.o" -c -o "KEY_PAD_Program.o" "../KEY_PAD_Program.c"
In file included from ../KEY_PAD_Program.c:4:
e:/embedded/learn avr/avrlecimt/imt_sdk_win_64/imt_sdk_win_64/winavr/lib/gcc/../../avr/include/avr/delay.h:36:2: warning: #warning "This file has been moved to <util/delay.h>."
In file included from e:/embedded/learn avr/avrlecimt/imt_sdk_win_64/imt_sdk_win_64/winavr/lib/gcc/../../avr/include/avr/delay.h:37,
                 from ../KEY_PAD_Program.c:4:
e:/embedded/learn avr/avrlecimt/imt_sdk_win_64/imt_sdk_win_64/winavr/lib/gcc/../../avr/include/util/delay.h:90:3: warning: #warning "Compiler optimizations disabled; functions from <util/delay.h> won't work as designed"
Finished building: ../KEY_PAD_Program.c
 
Building file: ../main.c
Invoking: AVR Compiler
avr-gcc -Wall -g2 -gstabs -O0 -fpack-struct -fshort-enums -ffunction-sections -fdata-sections -std=gnu99 -funsigned-char -funsigned-bitfields -mmcu=atmega32 -DF_CPU=8000000UL -MMD -MP -MF"main.d" -MT"main.o" -c -o "main.o" "../main.c"
In file included from ../main.c:12:
e:/embedded/learn avr/avrlecimt/imt_sdk_win_64/imt_sdk_win_64/winavr/lib/gcc/../../avr/include/avr/delay.h:36:2: warning: #warning "This file has been moved to <util/delay.h>."
In file included from e:/embedded/learn avr/avrlecimt/imt_sdk_win_64/imt_sdk_win_64/winavr/lib/gcc/../../avr/include/avr/delay.h:37,
                 from ../main.c:12:
e:/embedded/learn avr/avrlecimt/imt_sdk_win_64/imt_sdk_win_64/winavr/lib/gcc/../../avr/include/util/delay.h:90:3: warning: #warning "Compiler optimizations disabled; functions from <util/delay.h> won't work as designed"
../main.c: In function 'main':
../main.c:20: warning: pointer targets in passing argument 1 of 'LCD_VidString' differ in signedness
Finished building: ../main.c
 
Building target: LCD_Project1.elf
Invoking: AVR C Linker
avr-gcc -Wl,-Map,LCD_Project1.map -mmcu=atmega32 -o "LCD_Project1.elf"  ./DIO_Program.o ./KEY_PAD_Program.o ./LCD_Program.o ./main.o   
Finished building target: LCD_Project1.elf
 
Invoking: AVR Create Extended Listing
avr-objdump -h -S LCD_Project1.elf  >"LCD_Project1.lss"
Finished building: LCD_Project1.lss
 
Create Flash image (ihex format)
avr-objcopy -R .eeprom -R .fuse -R .lock -R .signature -O ihex LCD_Project1.elf  "LCD_Project1.hex"
Finished building: LCD_Project1.hex
 
Invoking: Print Size
avr-size --format=avr --mcu=atmega32 LCD_Project1.elf
AVR Memory Usage
----------------
Device: atmega32

Program:    8696 bytes (26.5% Full)
(.text + .data + .bootloader)

Data:         50 bytes (2.4% Full)
(.data + .bss + .noinit)


Finished building: sizedummy
 

22:37:30 Build Finished (took 3s.50ms)

