09:41:05 **** Incremental Build of configuration Debug for project smart_home ****
make all 
Building file: ../smart_home.c
Invoking: AVR Compiler
avr-gcc -Wall -g2 -gstabs -O0 -fpack-struct -fshort-enums -ffunction-sections -fdata-sections -std=gnu99 -funsigned-char -funsigned-bitfields -mmcu=atmega32 -DF_CPU=8000000UL -MMD -MP -MF"smart_home.d" -MT"smart_home.o" -c -o "smart_home.o" "../smart_home.c"
In file included from ../smart_home.c:12:
../ADC_Regster.h:24:1: warning: "ADC_Left_Adjust" redefined
../ADC_Regster.h:21:1: warning: this is the location of the previous definition
../ADC_Regster.h:25:1: warning: "ADC_Right_Adjust" redefined
../ADC_Regster.h:22:1: warning: this is the location of the previous definition
In file included from ../smart_home.c:18:
e:/embedded/learn avr/avrlecimt/imt_sdk_win_64/imt_sdk_win_64/winavr/lib/gcc/../../avr/include/avr/delay.h:36:2: warning: #warning "This file has been moved to <util/delay.h>."
In file included from e:/embedded/learn avr/avrlecimt/imt_sdk_win_64/imt_sdk_win_64/winavr/lib/gcc/../../avr/include/avr/delay.h:37,
                 from ../smart_home.c:18:
e:/embedded/learn avr/avrlecimt/imt_sdk_win_64/imt_sdk_win_64/winavr/lib/gcc/../../avr/include/util/delay.h:90:3: warning: #warning "Compiler optimizations disabled; functions from <util/delay.h> won't work as designed"
../smart_home.c: In function 'smart_home':
../smart_home.c:55: warning: pointer targets in passing argument 1 of 'LCD_Write4String' differ in signedness
../smart_home.c:69: warning: pointer targets in passing argument 1 of 'LCD_Write4String' differ in signedness
../smart_home.c:72: warning: pointer targets in passing argument 1 of 'LCD_Write4String' differ in signedness
../smart_home.c:87: warning: pointer targets in passing argument 1 of 'LCD_Write4String' differ in signedness
../smart_home.c:90: warning: pointer targets in passing argument 1 of 'LCD_Write4String' differ in signedness
../smart_home.c:108: warning: pointer targets in passing argument 1 of 'LCD_Write4String' differ in signedness
../smart_home.c:113: warning: pointer targets in passing argument 1 of 'LCD_Write4String' differ in signedness
../smart_home.c:122: warning: pointer targets in passing argument 1 of 'LCD_Write4String' differ in signedness
../smart_home.c:129: warning: pointer targets in passing argument 1 of 'LCD_Write4String' differ in signedness
../smart_home.c:138: warning: pointer targets in passing argument 1 of 'LCD_Write4String' differ in signedness
../smart_home.c:145: warning: pointer targets in passing argument 1 of 'LCD_Write4String' differ in signedness
../smart_home.c:155: warning: pointer targets in passing argument 1 of 'LCD_Write4String' differ in signedness
../smart_home.c:162: warning: pointer targets in passing argument 1 of 'LCD_Write4String' differ in signedness
../smart_home.c:171: warning: pointer targets in passing argument 1 of 'LCD_Write4String' differ in signedness
../smart_home.c:178: warning: pointer targets in passing argument 1 of 'LCD_Write4String' differ in signedness
../smart_home.c: In function 'func_2':
../smart_home.c:230: warning: pointer targets in passing argument 1 of 'LCD_Write4String' differ in signedness
../smart_home.c: In function 'func_1':
../smart_home.c:273: warning: pointer targets in passing argument 1 of 'LCD_Write4String' differ in signedness
../smart_home.c:283: warning: pointer targets in passing argument 1 of 'LCD_Write4String' differ in signedness
../smart_home.c:294: warning: pointer targets in passing argument 1 of 'LCD_Write4String' differ in signedness
../smart_home.c:304: warning: pointer targets in passing argument 1 of 'LCD_Write4String' differ in signedness
../smart_home.c:311: warning: pointer targets in passing argument 1 of 'LCD_Write4String' differ in signedness
Finished building: ../smart_home.c
 
Building target: smart_home.elf
Invoking: AVR C Linker
avr-gcc -Wl,-Map,smart_home.map -mmcu=atmega32 -o "smart_home.elf"  ./ADC_Program.o ./DIO_Program.o ./EXI_Program.o ./GIE_Program.o ./KEY_PAD_Program.o ./LCD_4BIT_Program.o ./TIMER_Program.o ./main.o ./smart_home.o   
Finished building target: smart_home.elf
 
Invoking: AVR Create Extended Listing
avr-objdump -h -S smart_home.elf  >"smart_home.lss"
Finished building: smart_home.lss
 
Create Flash image (ihex format)
avr-objcopy -R .eeprom -R .fuse -R .lock -R .signature -O ihex smart_home.elf  "smart_home.hex"
Finished building: smart_home.hex
 
Invoking: Print Size
avr-size --format=avr --mcu=atmega32 smart_home.elf
AVR Memory Usage
----------------
Device: atmega32

Program:   14982 bytes (45.7% Full)
(.text + .data + .bootloader)

Data:        240 bytes (11.7% Full)
(.data + .bss + .noinit)


Finished building: sizedummy
 

09:41:07 Build Finished (took 1s.537ms)

